"../../../ThePrisoner/Content/Blueprints/Clocker.uasset" 0
"../../../ThePrisoner/Content/Material/control_Light_INST_basecolor.uasset" 1
"../../../ThePrisoner/Content/Material/control_Light_INST_emissive.uasset" 2
"../../../ThePrisoner/Content/Material/control_Light_INST_normal.uasset" 3
"../../../ThePrisoner/Content/Material/control_Light_INST_roughness.uasset" 4
"../../../ThePrisoner/Content/Material/control_Light_MAT.uasset" 5
"../../../ThePrisoner/Content/Material/control_Light_INST.uasset" 6
"../../../ThePrisoner/Content/Material/ControlRoomFloor_INST_basecolor.uasset" 7
"../../../ThePrisoner/Content/Material/ControlRoomFloor_INST_metallic.uasset" 8
"../../../ThePrisoner/Content/Material/ControlRoomFloor_INST_normal.uasset" 9
"../../../ThePrisoner/Content/Material/ControlRoomFloor_INST_roughness.uasset" 10
"../../../ThePrisoner/Content/Material/ControlRoomFloor_MAT.uasset" 11
"../../../ThePrisoner/Content/Material/ControlRoomFloor_INST.uasset" 12
"../../../Engine/Content/Functions/Engine_MaterialFunctions01/Gradient/LinearGradient.uasset" 13
"../../../Engine/Content/Functions/Engine_MaterialFunctions02/Gradients/SmoothCurve.uasset" 14
"../../../Engine/Content/EditorMaterials/Cascade/CASC_Cross.uasset" 15
"../../../Engine/Content/EditorMaterials/Cascade/CASC_None.uasset" 16
"../../../Engine/Content/Functions/Engine_MaterialFunctions03/Blends/Blend_Darken.uasset" 17
"../../../ThePrisoner/Content/Material/emmisive_INST_basecolor.uasset" 18
"../../../ThePrisoner/Content/Material/emmisive_MAT.uasset" 19
"../../../ThePrisoner/Content/Material/emmisive_INST.uasset" 20
"../../../ThePrisoner/Content/Material/grainet_INST_basecolor.uasset" 21
"../../../ThePrisoner/Content/Material/grainet_INST_normal.uasset" 22
"../../../ThePrisoner/Content/Material/grainet_INST_roughness.uasset" 23
"../../../ThePrisoner/Content/Material/grainet_MAT.uasset" 24
"../../../ThePrisoner/Content/Material/grainet_INST.uasset" 25
"../../../ThePrisoner/Content/Material/metal_INST_basecolor.uasset" 26
"../../../ThePrisoner/Content/Material/metal_INST_metallic.uasset" 27
"../../../ThePrisoner/Content/Material/metal_INST_normal.uasset" 28
"../../../ThePrisoner/Content/Material/metal_INST_roughness.uasset" 29
"../../../ThePrisoner/Content/Material/metal_MAT.uasset" 30
"../../../ThePrisoner/Content/Material/metal_INST.uasset" 31
"../../../ThePrisoner/Content/Material/vinilyFloor_INST_basecolor.uasset" 32
"../../../ThePrisoner/Content/Material/vinilyFloor_INST_metallic.uasset" 33
"../../../ThePrisoner/Content/Material/vinilyFloor_INST_roughness.uasset" 34
"../../../ThePrisoner/Content/Material/vinilyFloor_MAT.uasset" 35
"../../../ThePrisoner/Content/Material/vinilyFloor_INST.uasset" 36
"../../../ThePrisoner/Content/Material/Wood_INST_basecolor.uasset" 37
"../../../ThePrisoner/Content/Material/Wood_INST_metallic.uasset" 38
"../../../ThePrisoner/Content/Material/Wood_INST_normal.uasset" 39
"../../../ThePrisoner/Content/Material/Wood_INST_roughness.uasset" 40
"../../../ThePrisoner/Content/Material/Wood_MAT.uasset" 41
"../../../ThePrisoner/Content/Material/Wood_INST.uasset" 42
"../../../ThePrisoner/Content/Material/woodFloor_INST_basecolor.uasset" 43
"../../../ThePrisoner/Content/Material/woodFloor_INST_metallic.uasset" 44
"../../../ThePrisoner/Content/Material/woodFloor_INST_normal.uasset" 45
"../../../ThePrisoner/Content/Material/woodFloor_INST_roughness.uasset" 46
"../../../ThePrisoner/Content/Material/woodFloor_MAT.uasset" 47
"../../../ThePrisoner/Content/Material/woodFloor_INST.uasset" 48
"../../../ThePrisoner/Content/Material/floor.uasset" 49
"../../../ThePrisoner/Content/Material/floor_INST.uasset" 50
"../../../ThePrisoner/Content/Material/floor_INST_basecolor.uasset" 51
"../../../ThePrisoner/Content/Material/floor_INST_metallic.uasset" 52
"../../../ThePrisoner/Content/Material/floor_INST_normal.uasset" 53
"../../../ThePrisoner/Content/Material/floor_INST_roughness.uasset" 54
"../../../ThePrisoner/Content/Material/floor_MAT.uasset" 55
"../../../ThePrisoner/Content/Mesh/ControlRoomTrapDoor.uasset" 56
"../../../ThePrisoner/Content/Blueprints/ControlRoomTrapDoor6_Blueprint.uasset" 57
"../../../ThePrisoner/Content/Material/chair_Height.uasset" 58
"../../../ThePrisoner/Content/Material/chair_Normal.uasset" 59
"../../../ThePrisoner/Content/Material/character_Diffuse.uasset" 60
"../../../ThePrisoner/Content/Material/CobbleStone_Ambient_Occlusion.uasset" 61
"../../../ThePrisoner/Content/Material/CobbleStone_Base_Color.uasset" 62
"../../../ThePrisoner/Content/Material/CobbleStone_Height.uasset" 63
"../../../ThePrisoner/Content/Material/CobbleStone_Metallic.uasset" 64
"../../../ThePrisoner/Content/Material/CobbleStone_Normal.uasset" 65
"../../../ThePrisoner/Content/Material/CobbleStone_Roughness.uasset" 66
"../../../ThePrisoner/Content/Material/grainet_INST_metallic.uasset" 67
"../../../ThePrisoner/Content/Material/LightPost_DefaultMaterial_Normal.uasset" 68
"../../../ThePrisoner/Content/Material/head_Diffuse.uasset" 69
"../../../ThePrisoner/Content/Material/head_Metallic.uasset" 70
"../../../ThePrisoner/Content/Material/head_Normal.uasset" 71
"../../../ThePrisoner/Content/Material/head_Roughness.uasset" 72
"../../../ThePrisoner/Content/Material/NewMaterial1.uasset" 73
"../../../ThePrisoner/Content/Material/note3.uasset" 74
"../../../ThePrisoner/Content/Material/note_2.uasset" 75
"../../../ThePrisoner/Content/Material/note_1.uasset" 76
"../../../ThePrisoner/Content/Material/note_3_Mat.uasset" 77
"../../../ThePrisoner/Content/Material/Roof.uasset" 78
"../../../ThePrisoner/Content/Material/substance/Cobbblestone_Ambient_Occlusion.uasset" 79
"../../../ThePrisoner/Content/Material/substance/Cobbblestone_Base_Color.uasset" 80
"../../../ThePrisoner/Content/Material/substance/Cobbblestone_Diffuse.uasset" 81
"../../../ThePrisoner/Content/Material/substance/Cobbblestone_Height.uasset" 82
"../../../ThePrisoner/Content/Material/substance/Cobbblestone_Metallic.uasset" 83
"../../../ThePrisoner/Content/Material/substance/Cobbblestone_Normal.uasset" 84
"../../../ThePrisoner/Content/Material/substance/CobbleStone_Height.uasset" 85
"../../../ThePrisoner/Content/Material/substance/CobbleStone_Metallic.uasset" 86
"../../../ThePrisoner/Content/Material/substance/Cobbblestone_Roughness.uasset" 87
"../../../ThePrisoner/Content/Material/substance/NewMaterial.uasset" 88
"../../../ThePrisoner/Content/Material/substance/roof_INST_basecolor.uasset" 89
"../../../ThePrisoner/Content/Material/substance/roof_INST_normal.uasset" 90
"../../../ThePrisoner/Content/Material/substance/roof_INST_roughness.uasset" 91
"../../../ThePrisoner/Content/Material/substance/roof_MAT.uasset" 92
"../../../ThePrisoner/Content/Material/substance/roof.uasset" 93
"../../../ThePrisoner/Content/Material/substance/roof_INST.uasset" 94
"../../../ThePrisoner/Content/Material/substance/roof_INST_metallic.uasset" 95
"../../../ThePrisoner/Content/Material/substance/Wall_normal.uasset" 96
"../../../ThePrisoner/Content/textures/differenceClouds.uasset" 97
"../../../ThePrisoner/Content/Material/walls/Wall.uasset" 98
"../../../ThePrisoner/Content/Material/walls/WhiteExteoirWall.uasset" 99
"../../../Engine/Content/Functions/Engine_MaterialFunctions01/Opacity/CameraDepthFade.uasset" 100
"../../../Engine/Content/EngineMaterials/T_Default_Material_Grid_M.uasset" 101
"../../../Engine/Content/EngineMaterials/T_Default_Material_Grid_N.uasset" 102
"../../../Engine/Content/EngineMaterials/WorldGridMaterial.uasset" 103
"../../../ThePrisoner/Content/Mesh/ControlRoomSlidingDoor.uasset" 104
"../../../ThePrisoner/Content/Mesh/floorDoor_Skeleton.uasset" 105
"../../../ThePrisoner/Content/Mesh/floorDoor_Anim_Armature_001_Action.uasset" 106
"../../../ThePrisoner/Content/Mesh/floorDoor_Anim_Armature_001_Open.uasset" 107
"../../../ThePrisoner/Content/Mesh/sphere.uasset" 108
"../../../ThePrisoner/Content/Mesh/walls2.uasset" 109
"../../../ThePrisoner/Content/Mesh/buildings/building4.uasset" 110
"../../../ThePrisoner/Content/Mesh/doors/NewFolder/door_Skeleton.uasset" 111
"../../../ThePrisoner/Content/Mesh/doors/door_Anim_Armature_Action.uasset" 112
"../../../ThePrisoner/Content/Mesh/doors/door_Anim_close.uasset" 113
"../../../ThePrisoner/Content/Mesh/doors/door_Anim_Open_002.uasset" 114
"../../../ThePrisoner/Content/Mesh/doors/NewFolder/trapDoor_Skeleton.uasset" 115
"../../../ThePrisoner/Content/Mesh/doors/NewFolder/trapDoor_Anim_Armature_001_Action.uasset" 116
"../../../ThePrisoner/Content/Mesh/doors/NewFolder/windowDoor_Skeleton.uasset" 117
"../../../ThePrisoner/Content/sound/RoverStage1.uasset" 118
"../../../ThePrisoner/Content/sound/roverStage2.uasset" 119
"../../../ThePrisoner/Content/sound/NewSoundCue.uasset" 120
"../../../ThePrisoner/Content/textures/CobbleStoneAmbient_Occlusion.uasset" 121
"../../../ThePrisoner/Content/textures/CobbleStoneBase_Color.uasset" 122
"../../../ThePrisoner/Content/textures/CobbleStoneDiffuse.uasset" 123
"../../../ThePrisoner/Content/textures/CobbleStoneGlossiness.uasset" 124
"../../../ThePrisoner/Content/textures/CobbleStoneHeight.uasset" 125
"../../../ThePrisoner/Content/textures/CobbleStoneNormal.uasset" 126
"../../../ThePrisoner/Content/textures/CobbleStoneSpecular.uasset" 127
"../../../ThePrisoner/Content/textures/CobbleStone_Ambient_Occlusion.uasset" 128
"../../../ThePrisoner/Content/textures/CobbleStone_Base_Color.uasset" 129
"../../../ThePrisoner/Content/textures/CobbleStone_Height.uasset" 130
"../../../ThePrisoner/Content/textures/CobbleStone_Metallic.uasset" 131
"../../../ThePrisoner/Content/textures/CobbleStone_Normal.uasset" 132
"../../../ThePrisoner/Content/textures/CobbleStone_Roughness.uasset" 133
"../../../ThePrisoner/Content/textures/ExtoirWall_Base_Color.uasset" 134
"../../../ThePrisoner/Content/textures/ExtoirWall_Diffuse.uasset" 135
"../../../ThePrisoner/Content/textures/ExtoirWall_Height.uasset" 136
"../../../ThePrisoner/Content/textures/ExtoirWall_Roughness.uasset" 137
"../../../Engine/Content/EngineMaterials/DefaultMaterial.uasset" 138
"../../../Engine/Content/BasicShapes/Cone.uasset" 139
"../../../Engine/Content/BasicShapes/Cube.uasset" 140
"../../../Engine/Content/BasicShapes/Plane.uasset" 141
"../../../Engine/Content/BasicShapes/Sphere.uasset" 142
"../../../Engine/Content/EditorMaterials/GizmoMaterial.uasset" 143
"../../../Engine/Content/EditorMaterials/MAT_Groups_Toggle.uasset" 144
"../../../Engine/Content/EditorMaterials/MAT_Groups_Visibility.uasset" 145
"../../../Engine/Content/EditorMaterials/PreviewShadowIndicator.uasset" 146
"../../../Engine/Content/EditorMaterials/PreviewShadowIndicatorMaterial.uasset" 147
"../../../Engine/Content/EditorMaterials/MatineeGroups/MAT_ColorTrack.uasset" 148
"../../../Engine/Content/EditorMaterials/MatineeGroups/MAT_Groups_Anim.uasset" 149
"../../../Engine/Content/EditorMaterials/MatineeGroups/MAT_Groups_AudioMaster.uasset" 150
"../../../Engine/Content/EditorMaterials/MatineeGroups/MAT_Groups_Director.uasset" 151
"../../../Engine/Content/EditorMaterials/MatineeGroups/MAT_Groups_Event.uasset" 152
"../../../Engine/Content/EditorMaterials/MatineeGroups/MAT_Groups_Fade.uasset" 153
"../../../Engine/Content/EditorMaterials/MatineeGroups/MAT_Groups_Float.uasset" 154
"../../../Engine/Content/EditorMaterials/MatineeGroups/MAT_Groups_Move.uasset" 155
"../../../Engine/Content/EditorMaterials/MatineeGroups/MAT_Groups_Slomo.uasset" 156
"../../../Engine/Content/EditorMaterials/MatineeGroups/MAT_Groups_Sound.uasset" 157
"../../../Engine/Content/EditorMaterials/MatineeGroups/MAT_Groups_Vector.uasset" 158
"../../../Engine/Content/EditorMaterials/ParticleSystems/PSysThumbnail_NoImage.uasset" 159
"../../../Engine/Content/EditorMaterials/ParticleSystems/PSysThumbnail_OOD.uasset" 160
"../../../Engine/Content/EditorMaterials/Camera/CineMat.uasset" 161
"../../../Engine/Content/EditorMaterials/Camera/MI_CineMat_Rig.uasset" 162
"../../../Engine/Content/EditorMeshes/Camera/SM_CraneRig_Arm.uasset" 163
"../../../Engine/Content/EditorMeshes/Camera/SM_CraneRig_Base.uasset" 164
"../../../Engine/Content/EditorMeshes/Camera/SM_CraneRig_Body.uasset" 165
"../../../Engine/Content/EditorMeshes/Camera/SM_CraneRig_Mount.uasset" 166
"../../../Engine/Content/EditorMeshes/Camera/SM_RailRig_Mount.uasset" 167
"../../../Engine/Content/EditorMeshes/Camera/SM_RailRig_Track.uasset" 168
"../../../Engine/Content/EditorMeshes/ColorCalibrator/M_ChromeBall.uasset" 169
"../../../Engine/Content/EditorMeshes/ColorCalibrator/M_ClearCoat.uasset" 170
"../../../Engine/Content/EditorMeshes/ColorCalibrator/M_ClearCoatBlack.uasset" 171
"../../../Engine/Content/EditorMeshes/ColorCalibrator/Color_checker.uasset" 172
"../../../Engine/Content/EditorMeshes/ColorCalibrator/M_ColorGrid.uasset" 173
"../../../Engine/Content/EditorMeshes/ColorCalibrator/M_GreyBall.uasset" 174
"../../../Engine/Content/EditorMeshes/ColorCalibrator/SM_ColorCalibrator.uasset" 175
"../../../Engine/Content/EditorResources/BSPVertex.uasset" 176
"../../../Engine/Content/EditorResources/EmptyActor.uasset" 177
"../../../Engine/Content/EditorResources/S_Actor.uasset" 178
"../../../Engine/Content/EditorResources/S_Trigger.uasset" 179
"../../../Engine/Content/EditorResources/AudioIcons/S_AudioComponent_AutoActivate.uasset" 180
"../../../Engine/Content/EditorResources/LightIcons/S_LightError.uasset" 181
"../../../Engine/Content/EditorResources/SequenceRecorder/Countdown.uasset" 182
"../../../Engine/Content/EditorResources/SequenceRecorder/RecordingIndicator.uasset" 183
"../../../Engine/Content/EditorSounds/Notifications/CompileFailed.uasset" 184
"../../../Engine/Content/EditorSounds/Notifications/CompileFailed_Cue.uasset" 185
"../../../Engine/Content/EditorSounds/Notifications/CompileSuccess.uasset" 186
"../../../Engine/Content/EditorSounds/Notifications/CompileStart_Cue.uasset" 187
"../../../Engine/Content/EditorSounds/Notifications/CompileSuccess_Cue.uasset" 188
"../../../Engine/Content/EngineDamageTypes/DmgTypeBP_Environmental.uasset" 189
"../../../Engine/Content/EngineDebugMaterials/HeatmapGradient.uasset" 190
"../../../Engine/Content/EngineDebugMaterials/BoneWeightMaterial.uasset" 191
"../../../Engine/Content/EngineDebugMaterials/ClothMaterial.uasset" 192
"../../../Engine/Content/EngineDebugMaterials/ClothMaterial_WF.uasset" 193
"../../../Engine/Content/EngineDebugMaterials/DebugEditorMaterial.uasset" 194
"../../../Engine/Content/EngineDebugMaterials/DebugMeshMaterial.uasset" 195
"../../../Engine/Content/EngineDebugMaterials/GeomMaterial.uasset" 196
"../../../Engine/Content/EngineFonts/Faces/RobotoBold.uasset" 197
"../../../Engine/Content/EngineFonts/Faces/RobotoBoldItalic.uasset" 198
"../../../Engine/Content/EngineFonts/Faces/RobotoItalic.uasset" 199
"../../../Engine/Content/EngineFonts/Faces/RobotoLight.uasset" 200
"../../../Engine/Content/EngineFonts/Faces/RobotoRegular.uasset" 201
"../../../Engine/Content/EngineFonts/Roboto.uasset" 202
"../../../Engine/Content/EngineFonts/Faces/RobotoTiny.uasset" 203
"../../../Engine/Content/EngineFonts/RobotoTiny.uasset" 204
"../../../Engine/Content/EngineMaterials/DefaultBloomKernel.uasset" 205
"../../../Engine/Content/EngineMaterials/DefaultBokeh.uasset" 206
"../../../Engine/Content/EngineMaterials/DefaultDiffuse.uasset" 207
"../../../Engine/Content/EngineMaterials/DefaultDeferredDecalMaterial.uasset" 208
"../../../Engine/Content/EngineMaterials/DefaultLightFunctionMaterial.uasset" 209
"../../../Engine/Content/Functions/Engine_MaterialFunctions02/Utility/BreakOutFloat2Components.uasset" 210
"../../../Engine/Content/EngineMaterials/DefaultPostProcessMaterial.uasset" 211
"../../../Engine/Content/EngineFonts/RobotoDistanceField.uasset" 212
"../../../Engine/Content/EngineMaterials/DefaultTextMaterialOpaque.uasset" 213
"../../../Engine/Content/EngineMaterials/DefaultWhiteGrid.uasset" 214
"../../../Engine/Content/EngineMaterials/EditorBrushMaterial.uasset" 215
"../../../Engine/Content/EngineMaterials/MiniFont.uasset" 216
"../../../Engine/Content/EngineMaterials/InvalidLightmapSettings.uasset" 217
"../../../Engine/Content/EngineMaterials/M_InvalidLightmapSettings.uasset" 218
"../../../Engine/Content/Functions/Engine_MaterialFunctions02/WorldPositionOffset/CameraOffset.uasset" 219
"../../../Engine/Content/EngineMaterials/PhAT_JointLimitMaterial.uasset" 220
"../../../Engine/Content/EngineMaterials/PreintegratedSkinBRDF.uasset" 221
"../../../Engine/Content/EngineMaterials/RemoveSurfaceMaterial.uasset" 222
"../../../Engine/Content/EngineMaterials/WeightMapPlaceholderTexture.uasset" 223
"../../../Engine/Content/EngineResources/WhiteSquareTexture.uasset" 224
"../../../Engine/Content/EngineMaterials/Widget3DPassThrough.uasset" 225
"../../../Engine/Content/EngineMaterials/Widget3DPassThrough_Masked.uasset" 226
"../../../Engine/Content/EngineMaterials/Widget3DPassThrough_Opaque.uasset" 227
"../../../Engine/Content/EngineMaterials/Widget3DPassThrough_Masked_OneSided.uasset" 228
"../../../Engine/Content/EngineMaterials/Widget3DPassThrough_Opaque_OneSided.uasset" 229
"../../../Engine/Content/EngineMaterials/Widget3DPassThrough_Translucent.uasset" 230
"../../../Engine/Content/EngineMaterials/Widget3DPassThrough_Translucent_OneSided.uasset" 231
"../../../Engine/Content/EngineMeshes/Cube.uasset" 232
"../../../Engine/Content/EngineMeshes/Cylinder.uasset" 233
"../../../Engine/Content/EngineMeshes/Sphere.uasset" 234
"../../../Engine/Content/EngineResources/Black.uasset" 235
"../../../Engine/Content/EngineResources/DefaultTexture.uasset" 236
"../../../Engine/Content/EngineResources/DefaultTextureCube.uasset" 237
"../../../Engine/Content/EngineResources/GradientTexture0.uasset" 238
"../../../Engine/Content/EngineSounds/Master.uasset" 239
"../../../Engine/Content/Functions/Engine_MaterialFunctions01/Shading/ConvertFromDiffSpec.uasset" 240
"../../../Engine/Content/Functions/Engine_MaterialFunctions01/Shading/PowerToRoughness.uasset" 241
"../../../Engine/Content/Maps/Templates/Thumbnails/Default.uasset" 242
"../../../Engine/Content/Maps/Templates/Thumbnails/VR-Basic.uasset" 243
"../../../Engine/Content/MobileResources/T_MobileControls_texture.uasset" 244
"../../../Engine/Content/MobileResources/T_MobileMenu2.uasset" 245
"../../../Engine/Content/MobileResources/HUD/AnalogHat.uasset" 246
"../../../Engine/Content/MobileResources/HUD/VirtualJoystick_Background.uasset" 247
"../../../Engine/Content/MobileResources/HUD/VirtualJoystick_Thumb.uasset" 248
"../../../Engine/Content/MobileResources/HUD/DefaultVirtualJoysticks.uasset" 249
"../../../Engine/Content/MobileResources/HUD/LeftVirtualJoystickOnly.uasset" 250
"../../../Engine/Content/MobileResources/HUD/MobileHUDButton1_off.uasset" 251
"../../../Engine/Content/MobileResources/HUD/MobileHUDButton1_on.uasset" 252
"../../../Engine/Content/MobileResources/HUD/MobileHUDButton2_off.uasset" 253
"../../../Engine/Content/MobileResources/HUD/MobileHUDButton2_on.uasset" 254
"../../../Engine/Content/MobileResources/HUD/MobileHUDButton3.uasset" 255
"../../../Engine/Content/MobileResources/HUD/MobileHUDButtonFire.uasset" 256
"../../../Engine/Content/MobileResources/HUD/MobileHUDDirectionPad.uasset" 257
"../../../Engine/Content/MobileResources/HUD/MobileHUDDirectionPad2.uasset" 258
"../../../Engine/Content/MobileResources/HUD/MobileHUDDirectionPad3.uasset" 259
"../../../Engine/Content/MobileResources/HUD/MobileHUDDirectionStick.uasset" 260
"../../../Engine/Content/MobileResources/HUD/T_Castle_ThumbstickInner.uasset" 261
"../../../Engine/Content/MobileResources/HUD/T_Castle_ThumbstickOutter.uasset" 262
"../../../Engine/Content/Tutorial/ContentIntroCurve.uasset" 263
"../../../Engine/Content/Tutorial/Basics/TutorialAssets/icon_tab_Levels_40x.uasset" 264
"../../../Engine/Content/Tutorial/BlueprintTutorials/TutorialAssets/BlueprintInterface_64x.uasset" 265
"../../../Engine/Content/Tutorial/BlueprintTutorials/TutorialAssets/BlueprintMacroLibrary_64x.uasset" 266
"../../../Engine/Content/Tutorial/BlueprintTutorials/TutorialAssets/Blueprint_64x.uasset" 267
"../../../Engine/Content/Tutorial/BlueprintTutorials/TutorialAssets/Tutorial_BP_Interface.uasset" 268
"../../../Engine/Content/Tutorial/Foliage/TutorialAssets/Foliage.uasset" 269
"../../../Engine/Content/Tutorial/Landscape/TutorialAssets/Landscape.uasset" 270
"../../../Engine/Content/Tutorial/Paper2D/TutorialAssets/Paper2DFlipbook_TutorialIcon.uasset" 271
"../../../Engine/Content/Tutorial/Paper2D/TutorialAssets/Paper2DSprite_TutorialIcon.uasset" 272
"../../../Engine/Content/Tutorial/SubEditors/TutorialAssets/icon_Editor_Preferences_General_40x.uasset" 273
"../../../Engine/Content/Tutorial/SubEditors/TutorialAssets/icon_ShowSkeletalMeshes_40x.uasset" 274
"../../../Engine/Content/Tutorial/SubEditors/TutorialAssets/TutorialMaterial.uasset" 275
"../../../Engine/Content/Tutorial/SubEditors/TutorialAssets/T_SmokeSubUV_8X8.uasset" 276
"../../../Engine/Content/Tutorial/SubEditors/TutorialAssets/T_soft_smoke.uasset" 277
"../../../Engine/Content/Tutorial/SubEditors/TutorialAssets/M_smoke_subUV_blackbody.uasset" 278
"../../../Engine/Content/Tutorial/SubEditors/TutorialAssets/TutorialParticleSystem.uasset" 279
"../../../Engine/Content/VREditor/Devices/Generic/GenericHMDMaterial.uasset" 280
"../../../Engine/Content/VREditor/Devices/Generic/GenericHMD.uasset" 281
"../../../Engine/Content/VREditor/FloatingText/LineMaterial.uasset" 282
"../../../Engine/Content/VREditor/FloatingText/JointSphere.uasset" 283
"../../../Engine/Content/VREditor/FloatingText/LineSegmentCylinder.uasset" 284
"../../../Engine/Content/VREditor/Fonts/VRText_RobotoLarge.uasset" 285
"../../../Engine/Content/VREditor/Fonts/VRTextMaterial.uasset" 286
"../../../Engine/Content/VREditor/Fonts/TranslucentVRTextMaterial.uasset" 287
"../../../Engine/Content/VREditor/LaserPointer/CursorPointer.uasset" 288
"../../../Engine/Content/VREditor/LaserPointer/VR_LaserPower_01.uasset" 289
"../../../Engine/Content/VREditor/TransformGizmo/TransformGizmoMaterial.uasset" 290
"../../../Engine/Content/VREditor/LaserPointer/HoverMaterial.uasset" 291
"../../../Engine/Content/VREditor/TransformGizmo/TranslucentTransformGizmoMaterial.uasset" 292
"../../../Engine/Content/VREditor/LaserPointer/TranslucentHoverMaterial.uasset" 293
"../../../Engine/Content/VREditor/LaserPointer/HoverMesh.uasset" 294
"../../../Engine/Content/VREditor/LaserPointer/LaserPointerMaterial.uasset" 295
"../../../Engine/Content/VREditor/LaserPointer/LaserPointerMaterialInst.uasset" 296
"../../../Engine/Content/VREditor/LaserPointer/TranslucentLaserPointerMaterialInst.uasset" 297
"../../../Engine/Content/VREditor/LaserPointer/LaserPointerMesh.uasset" 298
"../../../Engine/Content/VREditor/LaserPointer/LaserPointerMesh_End.uasset" 299
"../../../Engine/Content/VREditor/LaserPointer/LaserPointerMesh_Start.uasset" 300
"../../../Engine/Content/Functions/Engine_MaterialFunctions02/Utility/BreakOutFloat3Components.uasset" 301
"../../../Engine/Content/Functions/Engine_MaterialFunctions02/Math/Transform3x3Matrix.uasset" 302
"../../../Engine/Content/Functions/Engine_MaterialFunctions02/SplitComponents.uasset" 303
"../../../Engine/Content/Functions/Engine_MaterialFunctions02/Utility/MakeFloat3.uasset" 304
"../../../Engine/Content/VREditor/SnapGrid/SnapGridMaterial.uasset" 305
"../../../Engine/Content/VREditor/SnapGrid/SnapGridPlaneMesh.uasset" 306
"../../../Engine/Content/VREditor/Sounds/VR_teleport.uasset" 307
"../../../Engine/Content/VREditor/Sounds/UI/Click_on_Button_Cue.uasset" 308
"../../../Engine/Content/VREditor/Sounds/UI/Dockable_Window_Close.uasset" 309
"../../../Engine/Content/VREditor/Sounds/UI/Dockable_Window_Drop.uasset" 310
"../../../Engine/Content/VREditor/Sounds/UI/Dockable_Window_Open.uasset" 311
"../../../Engine/Content/VREditor/Sounds/UI/Dockable_Window_Pick_Up.uasset" 312
"../../../Engine/Content/VREditor/Sounds/UI/Drop_Item_From_ContentBrowser.uasset" 313
"../../../Engine/Content/VREditor/Sounds/UI/Floating_UI_Open-001.uasset" 314
"../../../Engine/Content/VREditor/Sounds/UI/Gizmo_Handle_Clicked.uasset" 315
"../../../Engine/Content/VREditor/Sounds/UI/Object_PickUp.uasset" 316
"../../../Engine/Content/VREditor/Sounds/UI/Object_Snaps_To_Another_Actor.uasset" 317
"../../../Engine/Content/VREditor/Sounds/UI/Object_Snaps_To_Grid.uasset" 318
"../../../Engine/Content/VREditor/Sounds/UI/Radial_Menu_FadeOut.uasset" 319
"../../../Engine/Content/VREditor/Sounds/UI/Scaling_Down.uasset" 320
"../../../Engine/Content/VREditor/Sounds/UI/Scaling_Up.uasset" 321
"../../../Engine/Content/VREditor/Sounds/UI/Selection_Changes.uasset" 322
"../../../Engine/Content/VREditor/Sounds/UI/Teleport_Mode_Entered.uasset" 323
"../../../Engine/Content/VREditor/Teleport/TeleportDirectionMaterial.uasset" 324
"../../../Engine/Content/VREditor/Teleport/TeleportDirectionMaterial_Inst.uasset" 325
"../../../Engine/Content/VREditor/Teleport/TeleportDirectionMesh.uasset" 326
"../../../Engine/Content/VREditor/TransformGizmo/BoundingBoxCorner.uasset" 327
"../../../Engine/Content/VREditor/TransformGizmo/BoundingBoxEdge.uasset" 328
"../../../Engine/Content/VREditor/TransformGizmo/PlaneTranslationHandle.uasset" 329
"../../../Engine/Content/VREditor/TransformGizmo/RotationHandleFull.uasset" 330
"../../../Engine/Content/VREditor/TransformGizmo/RotationHandleIndicator.uasset" 331
"../../../Engine/Content/VREditor/TransformGizmo/RotationHandleQuarter.uasset" 332
"../../../Engine/Content/VREditor/TransformGizmo/Main.uasset" 333
"../../../Engine/Content/VREditor/TransformGizmo/Xray.uasset" 334
"../../../Engine/Content/VREditor/TransformGizmo/SM_Dialog_Close.uasset" 335
"../../../Engine/Content/VREditor/TransformGizmo/SM_Dialog_Move.uasset" 336
"../../../Engine/Content/VREditor/TransformGizmo/SM_Sequencer_Key.uasset" 337
"../../../Engine/Content/VREditor/TransformGizmo/SM_Sequencer_Node.uasset" 338
"../../../Engine/Content/VREditor/TransformGizmo/StartRotationHandleIndicator.uasset" 339
"../../../Engine/Content/VREditor/TransformGizmo/TranslucentTransformGizmoMaterial_Inst.uasset" 340
"../../../Engine/Content/VREditor/TransformGizmo/TransformGizmoFreeRotation.uasset" 341
"../../../Engine/Content/VREditor/TransformGizmo/TransformGizmoMaterial_Inst.uasset" 342
"../../../Engine/Content/VREditor/TransformGizmo/TranslateArrowHandle.uasset" 343
"../../../Engine/Content/VREditor/TransformGizmo/UniformScaleHandle.uasset" 344
"../../../Engine/Content/VREditor/UI/KeyDiskMaterial.uasset" 345
"../../../Engine/Content/VREditor/UI/DiscMaterial.uasset" 346
"../../../Engine/Content/VREditor/UI/SM_Radial_Disk.uasset" 347
"../../../Engine/Content/Functions/Engine_MaterialFunctions01/Gradient/RadialGradient.uasset" 348
"../../../Engine/Content/VREditor/WorldMovementGrid/SimpleGrid.uasset" 349
"../../../Engine/Content/VREditor/WorldMovementGrid/GridMaterial.uasset" 350
"../../../Engine/Content/Functions/Engine_MaterialFunctions01/Density/ExponentialDensity.uasset" 351
"../../../Engine/Content/VREditor/WorldMovementGrid/GridPostProcess.uasset" 352
"../../../Engine/Content/EditorLandscapeResources/FlattenHeightMat.uasset" 353
"../../../Engine/Content/VREditor/WorldMovementGrid/PlaneMesh.uasset" 354
"../../../Engine/Plugins/2D/Paper2D/Content/PlaceholderTextures/DummySpriteTexture.uasset" 355
"../../../Engine/Plugins/2D/Paper2D/Content/DummySprite.uasset" 356
"../../../Engine/Plugins/2D/Paper2D/Content/DefaultPaperTerrainMaterial.uasset" 357
"../../../Engine/Plugins/2D/Paper2D/Content/DefaultSpriteMaterial.uasset" 358
"../../../Engine/Plugins/2D/Paper2D/Content/MaskedUnlitSpriteMaterial.uasset" 359
"../../../Engine/Plugins/2D/Paper2D/Content/OpaqueUnlitSpriteMaterial.uasset" 360
"../../../Engine/Plugins/Media/MediaCompositing/Content/DefaultMediaPlaneMaterial.uasset" 361
"../../../Engine/Content/Functions/Engine_MaterialFunctions02/Utility/MakeFloat4.uasset" 362
"../../../Engine/Plugins/Runtime/AppleARKit/Content/ARKitCameraMaterial.uasset" 363
"../../../Engine/Plugins/Runtime/Oculus/OculusVR/Content/Textures/GearVRController_AO.uasset" 364
"../../../Engine/Plugins/Runtime/Oculus/OculusVR/Content/Textures/GearVRController_Color.uasset" 365
"../../../Engine/Plugins/Runtime/Oculus/OculusVR/Content/Textures/GearVRController_Normal.uasset" 366
"../../../Engine/Plugins/Runtime/Oculus/OculusVR/Content/Materials/GearVRControllerMaterial.uasset" 367
"../../../Engine/Plugins/Runtime/Oculus/OculusVR/Content/Meshes/GearVrController.uasset" 368
"../../../ThePrisoner/Content/Mesh/doors/NewFolder/trapDoor_Anim_Armature_001_Open.uasset" 369
"../../../Engine/Content/EditorBlueprintResources/StandardMacros.uasset" 370
"../../../ThePrisoner/Content/Blueprints/BPPlayerController.uasset" 371
"../../../ThePrisoner/Content/Blueprints/SelectInterface.uasset" 372
"../../../ThePrisoner/Content/Movies/endCredits.uasset" 373
"../../../ThePrisoner/Content/Movies/NewMediaPlayer.uasset" 374
"../../../ThePrisoner/Content/Movies/NewMediaPlayer_Video.uasset" 375
"../../../ThePrisoner/Content/Material/Movie.uasset" 376
"../../../ThePrisoner/Content/Blueprints/GameOver.uasset" 377
"../../../ThePrisoner/Content/Mesh/note.uasset" 378
"../../../ThePrisoner/Content/Blueprints/Player.uasset" 379
"../../../ThePrisoner/Content/Blueprints/BPGameMode.uasset" 380
"../../../ThePrisoner/Content/Blueprints/BubbleMonster/BubbleData.uasset" 381
"../../../ThePrisoner/Content/Blueprints/BubbleMonster/Follow.uasset" 382
"../../../ThePrisoner/Content/Blueprints/BubbleMonster/EnemyMarker.uasset" 383
"../../../ThePrisoner/Content/Blueprints/BubbleMonster/Patrol.uasset" 384
"../../../ThePrisoner/Content/Blueprints/BubbleMonster/BubbleTree.uasset" 385
"../../../ThePrisoner/Content/Blueprints/BubbleMonster/BubbleController.uasset" 386
"../../../ThePrisoner/Content/Material/Base.uasset" 387
"../../../ThePrisoner/Content/Material/Monster.uasset" 388
"../../../ThePrisoner/Content/Mesh/bubble_PhysicsAsset.uasset" 389
"../../../ThePrisoner/Content/Mesh/bubble_Skeleton.uasset" 390
"../../../ThePrisoner/Content/Mesh/bubble.uasset" 391
"../../../ThePrisoner/Content/sound/NewSoundAttenuation.uasset" 392
"../../../ThePrisoner/Content/sound/rover.uasset" 393
"../../../ThePrisoner/Content/sound/roverRoar.uasset" 394
"../../../ThePrisoner/Content/Blueprints/BubbleMonster/BubbleMonster.uasset" 395
"../../../ThePrisoner/Content/Material/LightPost_DefaultMaterial_BaseColor.uasset" 396
"../../../ThePrisoner/Content/Material/LightPost_DefaultMaterial_Emissive.uasset" 397
"../../../ThePrisoner/Content/Material/LightPost_DefaultMaterial_OcclusionRoughnessMetallic.uasset" 398
"../../../ThePrisoner/Content/Material/LightPost.uasset" 399
"../../../ThePrisoner/Content/Material/LightPost_Inst.uasset" 400
"../../../ThePrisoner/Content/Mesh/LightPost.uasset" 401
"../../../ThePrisoner/Content/Blueprints/BPLightPost.uasset" 402
"../../../ThePrisoner/Content/Blueprints/Camera/CameraData.uasset" 403
"../../../ThePrisoner/Content/Blueprints/Camera/CameraPan.uasset" 404
"../../../ThePrisoner/Content/Blueprints/Camera/Track.uasset" 405
"../../../ThePrisoner/Content/Blueprints/Camera/BTCamera.uasset" 406
"../../../ThePrisoner/Content/Blueprints/Camera/CameraController.uasset" 407
"../../../ThePrisoner/Content/Mesh/doors/door_Anim_Armature_close.uasset" 408
"../../../ThePrisoner/Content/Mesh/doors/door_Anim_Armature_Open.uasset" 409
"../../../ThePrisoner/Content/Mesh/trium.uasset" 410
"../../../ThePrisoner/Content/Mesh/doors/door_PhysicsAsset.uasset" 411
"../../../ThePrisoner/Content/Mesh/doors/door.uasset" 412
"../../../ThePrisoner/Content/sound/doorClose.uasset" 413
"../../../ThePrisoner/Content/sound/doorOpen.uasset" 414
"../../../ThePrisoner/Content/Blueprints/Door.uasset" 415
"../../../ThePrisoner/Content/Material/head.uasset" 416
"../../../Engine/Content/BasicShapes/Cylinder.uasset" 417
"../../../ThePrisoner/Content/Mesh/head.uasset" 418
"../../../ThePrisoner/Content/Blueprints/Camera/HeadCamera.uasset" 419
"../../../Engine/Content/EngineSky/C_Sky_Cloud_Color.uasset" 420
"../../../Engine/Content/EngineSky/C_Sky_Horizon_Color.uasset" 421
"../../../Engine/Content/EngineSky/C_Sky_Zenith_Color.uasset" 422
"../../../Engine/Content/EngineSky/T_Sky_Blue.uasset" 423
"../../../Engine/Content/EngineSky/T_Sky_Clouds_M.uasset" 424
"../../../Engine/Content/EngineSky/T_Sky_Stars.uasset" 425
"../../../Engine/Content/EngineSky/M_Sky_Panning_Clouds2.uasset" 426
"../../../Engine/Content/EngineSky/SM_SkySphere.uasset" 427
"../../../Engine/Content/EngineSky/BP_Sky_Sphere.uasset" 428
"../../../ThePrisoner/Content/Blueprints/BPControlRoomTrapDoor.uasset" 429
"../../../ThePrisoner/Content/Blueprints/BPNote.uasset" 430
"../../../ThePrisoner/Content/Blueprints/WindowEnum.uasset" 431
"../../../ThePrisoner/Content/Blueprints/Window.uasset" 432
"../../../ThePrisoner/Content/Material/substance/roof_MAT_Inst.uasset" 433
"../../../ThePrisoner/Content/Material/walls/Wall_red.uasset" 434
"../../../ThePrisoner/Content/Material/walls/Wall_white.uasset" 435
"../../../ThePrisoner/Content/Mesh/building1.uasset" 436
"../../../ThePrisoner/Content/Material/Glass.uasset" 437
"../../../ThePrisoner/Content/Material/Glass_Inst.uasset" 438
"../../../ThePrisoner/Content/Material/Window.uasset" 439
"../../../ThePrisoner/Content/Mesh/tallWindow.uasset" 440
"../../../ThePrisoner/Content/Blueprints/Building.uasset" 441
"../../../ThePrisoner/Content/Material/ceilingLight_DefaultMaterial_BaseColor.uasset" 442
"../../../ThePrisoner/Content/Material/ceilingLight_DefaultMaterial_Emissive.uasset" 443
"../../../ThePrisoner/Content/Material/ceilingLight_DefaultMaterial_Normal.uasset" 444
"../../../ThePrisoner/Content/Material/ceilingLight_DefaultMaterial_OcclusionRoughnessMetallic.uasset" 445
"../../../ThePrisoner/Content/Material/ceilingLight.uasset" 446
"../../../ThePrisoner/Content/Mesh/ceilingLight.uasset" 447
"../../../ThePrisoner/Content/Blueprints/ceilingLight.uasset" 448
"../../../ThePrisoner/Content/Material/DefaultMaterial_basecolor.uasset" 449
"../../../ThePrisoner/Content/Material/DefaultMaterial_heightRoughness.uasset" 450
"../../../ThePrisoner/Content/Material/DefaultMaterial_basecolor_Mat.uasset" 451
"../../../ThePrisoner/Content/Mesh/ControlBoard.uasset" 452
"../../../ThePrisoner/Content/Mesh/controlLight.uasset" 453
"../../../ThePrisoner/Content/Blueprints/ControlBoard.uasset" 454
"../../../ThePrisoner/Content/Mesh/spiralStep.uasset" 455
"../../../ThePrisoner/Content/Mesh/spiralWall.uasset" 456
"../../../ThePrisoner/Content/Blueprints/spiralWall_Blueprint.uasset" 457
"../../../ThePrisoner/Content/Material/substance/brick.uasset" 458
"../../../ThePrisoner/Content/Material/substance/Brick_INST.uasset" 459
"../../../ThePrisoner/Content/Material/substance/Brick_INST_basecolor.uasset" 460
"../../../ThePrisoner/Content/Material/substance/Brick_INST_metallic.uasset" 461
"../../../ThePrisoner/Content/Material/substance/Brick_INST_normal.uasset" 462
"../../../ThePrisoner/Content/Material/substance/Brick_INST_roughness.uasset" 463
"../../../ThePrisoner/Content/Material/substance/Brick_MAT.uasset" 464
"../../../ThePrisoner/Content/Mesh/brick.uasset" 465
"../../../ThePrisoner/Content/Blueprints/spline.uasset" 466
"../../../Engine/Content/EditorLandscapeResources/DataLayer.uasset" 467
"../../../ThePrisoner/Content/NewMap_sharedassets/Cobblestone_LayerInfo.uasset" 468
"../../../ThePrisoner/Content/NewMap_sharedassets/road_LayerInfo.uasset" 469
"../../../ThePrisoner/Content/NewMap_BuiltData.uasset" 470
"../../../ThePrisoner/Content/Material/number6Table_Diffuse.uasset" 471
"../../../ThePrisoner/Content/Material/number6Table_Roughness.uasset" 472
"../../../ThePrisoner/Content/Material/NewMaterial.uasset" 473
"../../../ThePrisoner/Content/Material/substance/CobbleStone_Ambient_Occlusion.uasset" 474
"../../../ThePrisoner/Content/Material/substance/CobbleStone_Base_Color.uasset" 475
"../../../ThePrisoner/Content/Material/substance/CobbleStone_Normal.uasset" 476
"../../../ThePrisoner/Content/Material/substance/CobbleStone_Roughness.uasset" 477
"../../../ThePrisoner/Content/Material/substance/road_INST_basecolor.uasset" 478
"../../../ThePrisoner/Content/Material/substance/road_INST_metallic.uasset" 479
"../../../ThePrisoner/Content/Material/substance/road_INST_roughness.uasset" 480
"../../../ThePrisoner/Content/Material/substance/road_MAT.uasset" 481
"../../../ThePrisoner/Content/Material/substance/road.uasset" 482
"../../../ThePrisoner/Content/Material/substance/road_INST.uasset" 483
"../../../ThePrisoner/Content/Material/substance/road_INST_normal.uasset" 484
"../../../ThePrisoner/Content/Material/cobbleStone.uasset" 485
"../../../ThePrisoner/Content/Material/cobbleStone_Inst.uasset" 486
"../../../ThePrisoner/Content/Material/emmisive_MAT_Inst.uasset" 487
"../../../ThePrisoner/Content/Material/notes_Mat.uasset" 488
"../../../ThePrisoner/Content/Material/note_1_Mat.uasset" 489
"../../../ThePrisoner/Content/Material/note_2_Mat.uasset" 490
"../../../ThePrisoner/Content/Material/note_3_Mat_.uasset" 491
"../../../Engine/Content/Functions/Engine_MaterialFunctions02/Math/CreateThirdOrthogonalVector.uasset" 492
"../../../Engine/Content/Functions/Engine_MaterialFunctions02/Math/InverseTransformMatrix.uasset" 493
"../../../Engine/Content/Functions/Engine_MaterialFunctions02/Math/TransformToZVector.uasset" 494
"../../../Engine/Content/Functions/Engine_MaterialFunctions02/Utility/CameraDirectionVector.uasset" 495
"../../../Engine/Content/Functions/Engine_MaterialFunctions02/Utility/VectorLength.uasset" 496
"../../../Engine/Content/EngineVolumetrics/Fogsheet/Materials/T_EV_BlankWhite_01.uasset" 497
"../../../Engine/Content/Functions/Engine_MaterialFunctions01/Texturing/ParallaxOcclusionMapping.uasset" 498
"../../../Engine/Content/Functions/Engine_MaterialFunctions02/Texturing/ScreenAlignedPixelToPixelUVs.uasset" 499
"../../../Engine/Content/EngineMaterials/Good64x64TilingNoiseHighFreq.uasset" 500
"../../../Engine/Content/Functions/Engine_MaterialFunctions02/Utility/DitherTemporalAA.uasset" 501
"../../../ThePrisoner/Content/Material/StoneWall_Ambient_Occlusion.uasset" 502
"../../../ThePrisoner/Content/Material/StoneWall_Base_Color.uasset" 503
"../../../ThePrisoner/Content/Material/StoneWall_Height.uasset" 504
"../../../ThePrisoner/Content/Material/StoneWall_Normal.uasset" 505
"../../../ThePrisoner/Content/Material/StoneWall_Roughness.uasset" 506
"../../../ThePrisoner/Content/Material/StoneWall.uasset" 507
"../../../ThePrisoner/Content/Material/StoneWall_Inst.uasset" 508
"../../../ThePrisoner/Content/Material/Trim.uasset" 509
"../../../ThePrisoner/Content/Material/substance/InteriorWall_normal.uasset" 510
"../../../ThePrisoner/Content/Material/walls/Wall_Inst.uasset" 511
"../../../ThePrisoner/Content/Material/walls/Wall_Inst_Inst.uasset" 512
"../../../ThePrisoner/Content/Material/walls/WhiteExteoirWall_Inst.uasset" 513
"../../../Engine/Content/EngineMaterials/DefaultPhysicalMaterial.uasset" 514
"../../../ThePrisoner/Content/Mesh/arch.uasset" 515
"../../../ThePrisoner/Content/Mesh/arch2.uasset" 516
"../../../ThePrisoner/Content/Mesh/arch3.uasset" 517
"../../../ThePrisoner/Content/Material/walls/Wall_Inst1.uasset" 518
"../../../ThePrisoner/Content/Mesh/building2.uasset" 519
"../../../ThePrisoner/Content/Mesh/building3.uasset" 520
"../../../ThePrisoner/Content/Mesh/building4.uasset" 521
"../../../ThePrisoner/Content/Mesh/building5.uasset" 522
"../../../ThePrisoner/Content/Material/walls/Wall_blue_small.uasset" 523
"../../../ThePrisoner/Content/Mesh/building6.uasset" 524
"../../../ThePrisoner/Content/Material/chair_Diffuse.uasset" 525
"../../../ThePrisoner/Content/Material/chair_Metallic.uasset" 526
"../../../ThePrisoner/Content/Material/chair_Roughness.uasset" 527
"../../../ThePrisoner/Content/Material/Chair.uasset" 528
"../../../ThePrisoner/Content/Mesh/chair.uasset" 529
"../../../ThePrisoner/Content/Material/metal_MAT_Inst.uasset" 530
"../../../ThePrisoner/Content/Mesh/controlRoomDoor.uasset" 531
"../../../ThePrisoner/Content/Mesh/controlRoomFloor.uasset" 532
"../../../ThePrisoner/Content/Mesh/controlRoomlight.uasset" 533
"../../../ThePrisoner/Content/Mesh/controlRoomWall.uasset" 534
"../../../ThePrisoner/Content/Mesh/ControlTable.uasset" 535
"../../../ThePrisoner/Content/Mesh/doors/NewFolder/trapDoor_PhysicsAsset.uasset" 536
"../../../ThePrisoner/Content/Mesh/doors/NewFolder/trapDoor.uasset" 537
"../../../ThePrisoner/Content/Material/Door.uasset" 538
"../../../ThePrisoner/Content/Mesh/doors/windowDoor_PhysicsAsset.uasset" 539
"../../../ThePrisoner/Content/Mesh/doors/NewFolder/windowDoor.uasset" 540
"../../../ThePrisoner/Content/Mesh/pillar.uasset" 541
"../../../ThePrisoner/Content/Mesh/pot1.uasset" 542
"../../../ThePrisoner/Content/Mesh/pot2.uasset" 543
"../../../ThePrisoner/Content/Mesh/room1.uasset" 544
"../../../ThePrisoner/Content/Mesh/room2.uasset" 545
"../../../ThePrisoner/Content/Mesh/roomLight.uasset" 546
"../../../ThePrisoner/Content/Mesh/RoomSteps.uasset" 547
"../../../ThePrisoner/Content/Mesh/SmallWindow.uasset" 548
"../../../ThePrisoner/Content/Mesh/table.uasset" 549
"../../../ThePrisoner/Content/Mesh/Tunnel.uasset" 550
"../../../ThePrisoner/Content/Mesh/WideWindow.uasset" 551
"../../../ThePrisoner/Content/NewMap.umap" 552
"../../../Engine/Content/Maps/Entry.umap" 553
